< C:\DevBin\20230507_Base3264Test\Claes20200001
> C:\home\GitHub\StoreH\DevOld\Base3264Test\Claes20200001
< C:\DevBin\20230507_Base3264Test\doc
T C:\home\GitHub\StoreH\DevOld\Base3264Test\doc
< C:\DevBin\20230507_Base3264Test\out
T C:\home\GitHub\StoreH\DevOld\Base3264Test\out
< C:\DevBin\20230509_Program\CopyDevBinToDevOld\Claes20200001
> C:\home\GitHub\StoreH\DevOld\CopyDevBinToDevOld\Claes20200001
< C:\DevBin\20230509_Program\CopyDevBinToDevOld\doc
T C:\home\GitHub\StoreH\DevOld\CopyDevBinToDevOld\doc
< C:\DevBin\20230509_Program\CopyDevBinToDevOld\out
T C:\home\GitHub\StoreH\DevOld\CopyDevBinToDevOld\out
< C:\DevBin\20230509_Program\CopyDevGameGameJSToStoreP\Claes20200001
> C:\home\GitHub\StoreH\DevOld\CopyDevGameGameJSToStoreP\Claes20200001
< C:\DevBin\20230509_Program\CopyDevGameGameJSToStoreP\doc
T C:\home\GitHub\StoreH\DevOld\CopyDevGameGameJSToStoreP\doc
< C:\DevBin\20230509_Program\CopyDevGameGameJSToStoreP\out
T C:\home\GitHub\StoreH\DevOld\CopyDevGameGameJSToStoreP\out
< C:\DevBin\20230498_Program\Test20230401\Claes20200001
> C:\home\GitHub\StoreH\DevOld\Test20230401\Claes20200001
< C:\DevBin\20230498_Program\Test20230401\doc
T C:\home\GitHub\StoreH\DevOld\Test20230401\doc
< C:\DevBin\20230498_Program\Test20230401\out
T C:\home\GitHub\StoreH\DevOld\Test20230401\out
< C:\DevBin\20230498_Program\Test20230402\Claes20200001
> C:\home\GitHub\StoreH\DevOld\Test20230402\Claes20200001
< C:\DevBin\20230498_Program\Test20230402\doc
T C:\home\GitHub\StoreH\DevOld\Test20230402\doc
< C:\DevBin\20230498_Program\Test20230402\out
T C:\home\GitHub\StoreH\DevOld\Test20230402\out
< C:\DevBin\20230499_Test20230403\Claes20200001
> C:\home\GitHub\StoreH\DevOld\Test20230403\Claes20200001
< C:\DevBin\20230499_Test20230403\doc
T C:\home\GitHub\StoreH\DevOld\Test20230403\doc
< C:\DevBin\20230499_Test20230403\out
T C:\home\GitHub\StoreH\DevOld\Test20230403\out
< C:\DevBin\20230510_Test20230501\Claes20200001
> C:\home\GitHub\StoreH\DevOld\Test20230501\Claes20200001
< C:\DevBin\20230510_Test20230501\doc
T C:\home\GitHub\StoreH\DevOld\Test20230501\doc
< C:\DevBin\20230510_Test20230501\out
T C:\home\GitHub\StoreH\DevOld\Test20230501\out
